2021-05-10 15:56:21,986 : WARNING [prueba_basededatos.py :  13 ] mensaje a nivel warning
2021-05-10 15:56:21,987 : INFO [prueba_basededatos.py :  14 ] menaje a nivel info
2021-05-10 15:56:21,988 : DEBUG [prueba_basededatos.py :  15 ] mensaje a nivel debug
2021-05-10 15:56:21,989 : ERROR [prueba_basededatos.py :  16 ] Ocurrió un error en la base de datos
2021-05-10 15:56:21,990 : DEBUG [prueba_basededatos.py :  17 ] se realió lo conexión con exito
03:58:11 PM : WARNING [prueba_basededatos.py :  14 ] mensaje a nivel warning
03:58:11 PM : INFO [prueba_basededatos.py :  15 ] menaje a nivel info
03:58:11 PM : DEBUG [prueba_basededatos.py :  16 ] mensaje a nivel debug
03:58:11 PM : ERROR [prueba_basededatos.py :  17 ] Ocurrió un error en la base de datos
03:58:11 PM : DEBUG [prueba_basededatos.py :  18 ] se realió lo conexión con exito
04:01:08 PM : INFO [conexion.py :  3 ] desde conexión
04:14:41 PM : DEBUG [conexion.py :  25 ] Conexión exitosa: <connection object at 0x0000021A5B4AD8C0; dsn: 'user=postgres password=xxx dbname=test_db host=127.0.0.1 port=5432', closed: 0>
04:14:41 PM : INFO [conexion.py :  35 ] <connection object at 0x0000021A5B4AD8C0; dsn: 'user=postgres password=xxx dbname=test_db host=127.0.0.1 port=5432', closed: 0>
04:15:40 PM : ERROR [conexion.py :  29 ] Error al conectar a la BD : 
04:16:36 PM : ERROR [conexion.py :  29 ] Error al conectar a la BD :  a
04:16:51 PM : ERROR [conexion.py :  28 ] Error al conectar a la BD :  a
04:18:07 PM : ERROR [conexion.py :  29 ] Error al conectar a la BD :  a
04:18:35 PM : ERROR [conexion.py :  29 ] Error al conectar a la BD :  a
04:18:40 PM : ERROR [conexion.py :  29 ] Error al conectar a la BD :  a
04:18:49 PM : ERROR [conexion.py :  29 ] Error al conectar a la BD :  a
04:18:52 PM : ERROR [conexion.py :  29 ] Error al conectar a la BD :  a
04:19:02 PM : ERROR [conexion.py :  29 ] Error al conectar a la BD :  a
04:20:40 PM : ERROR [conexion.py :  29 ] Error BD : 
04:20:40 PM : INFO [conexion.py :  34 ] None
04:20:47 PM : ERROR [conexion.py :  29 ] Error BD : 
04:20:47 PM : INFO [conexion.py :  34 ] None
04:21:11 PM : ERROR [conexion.py :  29 ] Error BD : 
04:21:11 PM : INFO [conexion.py :  35 ] 
04:21:20 PM : ERROR [conexion.py :  29 ] Error BD : 
04:21:20 PM : INFO [conexion.py :  35 ] a
04:21:26 PM : ERROR [conexion.py :  29 ] Error BD : 
04:21:26 PM : INFO [conexion.py :  35 ] 
04:21:33 PM : ERROR [conexion.py :  29 ] Error BD : 
04:21:33 PM : INFO [conexion.py :  35 ] <class 'Exception'>
04:21:40 PM : ERROR [conexion.py :  29 ] Error BD : 
04:21:40 PM : INFO [conexion.py :  35 ] 
04:26:30 PM : ERROR [conexion.py :  29 ] Error BD : 
04:26:30 PM : INFO [conexion.py :  48 ] 
04:26:30 PM : ERROR [conexion.py :  42 ] Error al obtener cursor : 'function' object has no attribute 'cursor' 
04:27:02 PM : ERROR [conexion.py :  29 ] Error BD : 
04:27:02 PM : INFO [conexion.py :  48 ] 
04:27:02 PM : ERROR [conexion.py :  42 ] Error al obtener cursor : 'function' object has no attribute 'cursor' 
04:27:03 PM : ERROR [conexion.py :  29 ] Error BD : 
04:27:03 PM : INFO [conexion.py :  48 ] 
04:27:03 PM : ERROR [conexion.py :  42 ] Error al obtener cursor : 'function' object has no attribute 'cursor' 
04:27:37 PM : ERROR [conexion.py :  29 ] Error BD : 
04:27:37 PM : INFO [conexion.py :  48 ] 
04:27:37 PM : ERROR [conexion.py :  29 ] Error BD : 
04:27:37 PM : ERROR [conexion.py :  42 ] Error al obtener cursor : 'Exception' object has no attribute 'cursor' 
04:28:05 PM : DEBUG [conexion.py :  25 ] Conexión exitosa: <connection object at 0x00000220941B48C0; dsn: 'user=postgres password=xxx dbname=test_db host=127.0.0.1 port=5432', closed: 0>
04:28:05 PM : INFO [conexion.py :  48 ] <connection object at 0x00000220941B48C0; dsn: 'user=postgres password=xxx dbname=test_db host=127.0.0.1 port=5432', closed: 0>
04:28:05 PM : DEBUG [conexion.py :  39 ] Se abrio el cursor con éxito: <cursor object at 0x0000022095D4A9E0; closed: 0>
04:28:05 PM : INFO [conexion.py :  49 ] <cursor object at 0x0000022095D4A9E0; closed: 0>
04:31:46 PM : DEBUG [conexion.py :  25 ] Conexión exitosa: <connection object at 0x0000020C090F48C0; dsn: 'user=postgres password=xxx dbname=test_db host=127.0.0.1 port=5432', closed: 0>
04:31:46 PM : INFO [conexion.py :  65 ] <connection object at 0x0000020C090F48C0; dsn: 'user=postgres password=xxx dbname=test_db host=127.0.0.1 port=5432', closed: 0>
04:31:46 PM : DEBUG [conexion.py :  39 ] Se abrio el cursor con éxito: <cursor object at 0x0000020C0AC70900; closed: 0>
04:31:46 PM : INFO [conexion.py :  66 ] <cursor object at 0x0000020C0AC70900; closed: 0>
04:31:46 PM : DEBUG [conexion.py :  61 ] Se han cerrado los objetos de conexióny cursor
04:32:40 PM : DEBUG [conexion.py :  25 ] Conexión exitosa: <connection object at 0x0000024B5F5A48C0; dsn: 'user=postgres password=xxx dbname=test_db host=127.0.0.1 port=5432', closed: 0>
04:32:40 PM : DEBUG [conexion.py :  39 ] Se abrio el cursor con éxito: <cursor object at 0x0000024B61130900; closed: 0>
04:32:40 PM : INFO [conexion.py :  65 ] <cursor object at 0x0000024B61130900; closed: 0>
04:32:40 PM : DEBUG [conexion.py :  61 ] Se han cerrado los objetos de conexióny cursor
04:45:56 PM : INFO [persona.py :  19 ] Id Persona: 3, Nombre: Juan, Apellido: Perez, 
04:47:56 PM : INFO [persona.py :  19 ] Id Persona: 3, Nombre: Juan, Apellido: Perez, 
04:47:56 PM : DEBUG [persona.py :  23 ] Id Persona: None, Nombre: Juan, Apellido: Perez, 
04:48:18 PM : INFO [persona.py :  19 ] Id Persona: 3, Nombre: Juan, Apellido: Perez, 
04:48:37 PM : INFO [persona.py :  19 ] Id Persona: 3, Nombre: Juan, Apellido: Perez, 
04:48:44 PM : INFO [persona.py :  19 ] Id Persona: 3, Nombre: Juan, Apellido: Perez, 
04:48:44 PM : DEBUG [persona.py :  23 ] Id Persona: None, Nombre: Juan, Apellido: Perez, 
04:49:15 PM : INFO [persona.py :  19 ] Id Persona: 3, Nombre: Juan, Apellido: Perez, 
04:50:20 PM : INFO [persona.py :  19 ] Id Persona: 3, Nombre: Juan, Apellido: Perez, 
04:50:20 PM : DEBUG [persona.py :  23 ] Id Persona: None, Nombre: Juan, Apellido: Perez, 
04:52:13 PM : INFO [persona.py :  19 ] Id Persona: 3, Nombre: Juan, Apellido: Perez, 
04:52:13 PM : DEBUG [persona.py :  23 ] Id Persona: None, Nombre: Juan, Apellido: Perez, 
04:52:13 PM : INFO [persona.py :  27 ] Id Persona: 3, Nombre: None, Apellido: None, 
04:52:21 PM : INFO [persona.py :  19 ] Id Persona: 3, Nombre: Juan, Apellido: Perez
04:52:21 PM : DEBUG [persona.py :  23 ] Id Persona: None, Nombre: Juan, Apellido: Perez
04:52:21 PM : INFO [persona.py :  27 ] Id Persona: 3, Nombre: None, Apellido: None
05:05:21 PM : DEBUG [conexion.py :  25 ] Conexión exitosa: <connection object at 0x0000029DB8C168C0; dsn: 'user=postgres password=xxx dbname=test_db host=127.0.0.1 port=5432', closed: 0>
05:05:21 PM : DEBUG [conexion.py :  39 ] Se abrio el cursor con éxito: <cursor object at 0x0000029DBA7A4900; closed: 0>
05:05:21 PM : DEBUG [persona_dao.py :  16 ] b'SELECT * FROM persona ORDER BY id_persona'
05:05:21 PM : DEBUG [persona_dao.py :  28 ] Id Persona: 3, Nombre: Jhon, Apellido: javier
05:05:21 PM : DEBUG [persona_dao.py :  28 ] Id Persona: 13, Nombre: Jhaon, Apellido: Matamoros
05:05:21 PM : DEBUG [persona_dao.py :  28 ] Id Persona: 14, Nombre: Jhosadn, Apellido: Matamoros
05:05:21 PM : DEBUG [persona_dao.py :  28 ] Id Persona: 15, Nombre: Josh, Apellido: Matamoros
05:11:14 PM : DEBUG [conexion.py :  25 ] Conexión exitosa: <connection object at 0x0000016C47A418C0; dsn: 'user=postgres password=xxx dbname=test_db host=127.0.0.1 port=5432', closed: 0>
05:11:14 PM : DEBUG [conexion.py :  39 ] Se abrio el cursor con éxito: <cursor object at 0x0000016C495BC900; closed: 0>
05:11:14 PM : DEBUG [persona_dao.py :  16 ] b'SELECT * FROM persona ORDER BY id_persona'
05:11:14 PM : DEBUG [persona_dao.py :  28 ] <bound method Persona.get_id_persona of <persona.Persona object at 0x0000016C4724AE80>>
05:11:14 PM : DEBUG [persona_dao.py :  28 ] <bound method Persona.get_id_persona of <persona.Persona object at 0x0000016C47256520>>
05:11:14 PM : DEBUG [persona_dao.py :  28 ] <bound method Persona.get_id_persona of <persona.Persona object at 0x0000016C471B7400>>
05:11:15 PM : DEBUG [persona_dao.py :  28 ] <bound method Persona.get_id_persona of <persona.Persona object at 0x0000016C479E90A0>>
05:11:23 PM : DEBUG [conexion.py :  25 ] Conexión exitosa: <connection object at 0x000001CAA16678C0; dsn: 'user=postgres password=xxx dbname=test_db host=127.0.0.1 port=5432', closed: 0>
05:11:23 PM : DEBUG [conexion.py :  39 ] Se abrio el cursor con éxito: <cursor object at 0x000001CAA3204900; closed: 0>
05:11:23 PM : DEBUG [persona_dao.py :  16 ] b'SELECT * FROM persona ORDER BY id_persona'
05:11:23 PM : DEBUG [persona_dao.py :  28 ] <bound method Persona.get_id_persona of <persona.Persona object at 0x000001CAA149F310>>
05:11:23 PM : DEBUG [persona_dao.py :  28 ] <bound method Persona.get_id_persona of <persona.Persona object at 0x000001CAA16ADF10>>
05:11:23 PM : DEBUG [persona_dao.py :  28 ] <bound method Persona.get_id_persona of <persona.Persona object at 0x000001CAA1496370>>
05:11:23 PM : DEBUG [persona_dao.py :  28 ] <bound method Persona.get_id_persona of <persona.Persona object at 0x000001CAA0E178E0>>
05:11:47 PM : DEBUG [conexion.py :  25 ] Conexión exitosa: <connection object at 0x000002649CD078C0; dsn: 'user=postgres password=xxx dbname=test_db host=127.0.0.1 port=5432', closed: 0>
05:11:47 PM : DEBUG [conexion.py :  39 ] Se abrio el cursor con éxito: <cursor object at 0x000002649E874900; closed: 0>
05:11:47 PM : DEBUG [persona_dao.py :  16 ] b'SELECT * FROM persona ORDER BY id_persona'
05:11:47 PM : DEBUG [persona_dao.py :  28 ] <bound method Persona.get_nombre of <persona.Persona object at 0x000002649CB3F310>>
05:11:47 PM : DEBUG [persona_dao.py :  28 ] <bound method Persona.get_nombre of <persona.Persona object at 0x000002649CD4DF10>>
05:11:47 PM : DEBUG [persona_dao.py :  28 ] <bound method Persona.get_nombre of <persona.Persona object at 0x000002649CB36370>>
05:11:47 PM : DEBUG [persona_dao.py :  28 ] <bound method Persona.get_nombre of <persona.Persona object at 0x000002649C4878E0>>
05:12:04 PM : DEBUG [conexion.py :  25 ] Conexión exitosa: <connection object at 0x000001DF8F3A78C0; dsn: 'user=postgres password=xxx dbname=test_db host=127.0.0.1 port=5432', closed: 0>
05:12:04 PM : DEBUG [conexion.py :  39 ] Se abrio el cursor con éxito: <cursor object at 0x000001DF90F34900; closed: 0>
05:12:04 PM : DEBUG [persona_dao.py :  16 ] b'SELECT * FROM persona ORDER BY id_persona'
05:12:04 PM : DEBUG [persona_dao.py :  28 ] Jhon
05:12:04 PM : DEBUG [persona_dao.py :  28 ] Jhaon
05:12:04 PM : DEBUG [persona_dao.py :  28 ] Jhosadn
05:12:04 PM : DEBUG [persona_dao.py :  28 ] Josh
05:23:34 PM : DEBUG [conexion.py :  25 ] Conexión exitosa: <connection object at 0x000001EF55CD88C0; dsn: 'user=postgres password=xxx dbname=test_db host=127.0.0.1 port=5432', closed: 0>
05:23:34 PM : DEBUG [persona_dao.py :  32 ] b'INSERT INTO persona(nombre, apellido) VALUES(%s, %s)'
05:23:34 PM : DEBUG [persona_dao.py :  33 ] Persona a insertar: Id Persona: None, Nombre: Pedro, Apellido: Naranja
05:23:34 PM : DEBUG [conexion.py :  61 ] Se han cerrado los objetos de conexióny cursor
05:23:34 PM : DEBUG [persona_dao.py :  58 ] 1
05:23:40 PM : DEBUG [conexion.py :  25 ] Conexión exitosa: <connection object at 0x000001BE26C888C0; dsn: 'user=postgres password=xxx dbname=test_db host=127.0.0.1 port=5432', closed: 0>
05:23:40 PM : DEBUG [persona_dao.py :  32 ] b'INSERT INTO persona(nombre, apellido) VALUES(%s, %s)'
05:23:40 PM : DEBUG [persona_dao.py :  33 ] Persona a insertar: Id Persona: None, Nombre: Pedro, Apellido: Naranja
05:23:40 PM : DEBUG [conexion.py :  61 ] Se han cerrado los objetos de conexióny cursor
05:23:40 PM : DEBUG [persona_dao.py :  58 ] 1
05:23:41 PM : DEBUG [conexion.py :  25 ] Conexión exitosa: <connection object at 0x0000027D565E88C0; dsn: 'user=postgres password=xxx dbname=test_db host=127.0.0.1 port=5432', closed: 0>
05:23:41 PM : DEBUG [persona_dao.py :  32 ] b'INSERT INTO persona(nombre, apellido) VALUES(%s, %s)'
05:23:41 PM : DEBUG [persona_dao.py :  33 ] Persona a insertar: Id Persona: None, Nombre: Pedro, Apellido: Naranja
05:23:41 PM : DEBUG [conexion.py :  61 ] Se han cerrado los objetos de conexióny cursor
05:23:41 PM : DEBUG [persona_dao.py :  58 ] 1
05:26:26 PM : DEBUG [conexion.py :  25 ] Conexión exitosa: <connection object at 0x000002DCFEAB78C0; dsn: 'user=postgres password=xxx dbname=test_db host=127.0.0.1 port=5432', closed: 0>
05:26:26 PM : DEBUG [persona_dao.py :  32 ] b'INSERT INTO persona(nombre, apellido) VALUES(%s, %s)'
05:26:26 PM : DEBUG [persona_dao.py :  33 ] Persona a insertar: Id Persona: None, Nombre: Pedro, Apellido: Naranja
05:26:26 PM : DEBUG [conexion.py :  61 ] Se han cerrado los objetos de conexióny cursor
05:26:26 PM : DEBUG [persona_dao.py :  58 ] Personas Insertadas: 1
05:29:41 PM : DEBUG [conexion.py :  25 ] Conexión exitosa: <connection object at 0x000001F8D82718C0; dsn: 'user=postgres password=xxx dbname=test_db host=127.0.0.1 port=5432', closed: 0>
05:29:41 PM : DEBUG [persona_dao.py :  32 ] b'INSERT INTO persona(nombre, apellido) VALUES(%s, %s)'
05:29:41 PM : DEBUG [persona_dao.py :  33 ] Persona a insertar: Id Persona: None, Nombre: Pedro, Apellido: Naranja
05:29:41 PM : DEBUG [conexion.py :  61 ] Se han cerrado los objetos de conexióny cursor
05:29:41 PM : ERROR [conexion.py :  42 ] Error al obtener cursor : connection already closed 
05:29:43 PM : DEBUG [conexion.py :  25 ] Conexión exitosa: <connection object at 0x000001EFE0D078C0; dsn: 'user=postgres password=xxx dbname=test_db host=127.0.0.1 port=5432', closed: 0>
05:29:43 PM : DEBUG [persona_dao.py :  32 ] b'INSERT INTO persona(nombre, apellido) VALUES(%s, %s)'
05:29:43 PM : DEBUG [persona_dao.py :  33 ] Persona a insertar: Id Persona: None, Nombre: Pedro, Apellido: Naranja
05:29:43 PM : DEBUG [conexion.py :  61 ] Se han cerrado los objetos de conexióny cursor
05:29:43 PM : ERROR [conexion.py :  42 ] Error al obtener cursor : connection already closed 
05:30:00 PM : DEBUG [conexion.py :  25 ] Conexión exitosa: <connection object at 0x0000016FA98078C0; dsn: 'user=postgres password=xxx dbname=test_db host=127.0.0.1 port=5432', closed: 0>
05:30:00 PM : DEBUG [persona_dao.py :  32 ] b'INSERT INTO persona(nombre, apellido) VALUES(%s, %s)'
05:30:00 PM : DEBUG [persona_dao.py :  33 ] Persona a insertar: Id Persona: None, Nombre: Pedro, Apellido: Naranja
05:30:00 PM : DEBUG [conexion.py :  61 ] Se han cerrado los objetos de conexióny cursor
05:30:00 PM : ERROR [conexion.py :  42 ] Error al obtener cursor : connection already closed 
05:30:11 PM : DEBUG [conexion.py :  25 ] Conexión exitosa: <connection object at 0x000002995B3878C0; dsn: 'user=postgres password=xxx dbname=test_db host=127.0.0.1 port=5432', closed: 0>
05:30:11 PM : DEBUG [persona_dao.py :  32 ] b'INSERT INTO persona(nombre, apellido) VALUES(%s, %s)'
05:30:11 PM : DEBUG [persona_dao.py :  33 ] Persona a insertar: Id Persona: None, Nombre: Pedro, Apellido: Naranja
05:30:11 PM : DEBUG [conexion.py :  61 ] Se han cerrado los objetos de conexióny cursor
05:30:11 PM : DEBUG [persona_dao.py :  61 ] Personas Insertadas: 1
05:30:11 PM : ERROR [conexion.py :  42 ] Error al obtener cursor : connection already closed 
05:30:43 PM : DEBUG [conexion.py :  25 ] Conexión exitosa: <connection object at 0x000001E09C1478C0; dsn: 'user=postgres password=xxx dbname=test_db host=127.0.0.1 port=5432', closed: 0>
05:30:43 PM : DEBUG [persona_dao.py :  31 ] b'INSERT INTO persona(nombre, apellido) VALUES(%s, %s)'
05:30:43 PM : DEBUG [persona_dao.py :  32 ] Persona a insertar: Id Persona: None, Nombre: Pedro, Apellido: Naranja
05:30:43 PM : DEBUG [conexion.py :  61 ] Se han cerrado los objetos de conexióny cursor
05:30:43 PM : DEBUG [persona_dao.py :  60 ] Personas Insertadas: 1
05:30:43 PM : ERROR [conexion.py :  42 ] Error al obtener cursor : connection already closed 
05:30:49 PM : DEBUG [conexion.py :  25 ] Conexión exitosa: <connection object at 0x00000223F4D978C0; dsn: 'user=postgres password=xxx dbname=test_db host=127.0.0.1 port=5432', closed: 0>
05:30:49 PM : DEBUG [persona_dao.py :  31 ] b'INSERT INTO persona(nombre, apellido) VALUES(%s, %s)'
05:30:49 PM : DEBUG [persona_dao.py :  32 ] Persona a insertar: Id Persona: None, Nombre: Pedro, Apellido: Naranja
05:30:49 PM : DEBUG [conexion.py :  61 ] Se han cerrado los objetos de conexióny cursor
05:30:49 PM : DEBUG [persona_dao.py :  60 ] Personas Insertadas: 1
05:30:49 PM : ERROR [conexion.py :  42 ] Error al obtener cursor : connection already closed 
05:31:35 PM : DEBUG [conexion.py :  25 ] Conexión exitosa: <connection object at 0x0000027C13F778C0; dsn: 'user=postgres password=xxx dbname=test_db host=127.0.0.1 port=5432', closed: 0>
05:31:35 PM : DEBUG [persona_dao.py :  32 ] b'INSERT INTO persona(nombre, apellido) VALUES(%s, %s)'
05:31:35 PM : DEBUG [persona_dao.py :  33 ] Persona a insertar: Id Persona: None, Nombre: Pedro, Apellido: Naranja
05:31:35 PM : DEBUG [conexion.py :  61 ] Se han cerrado los objetos de conexióny cursor
05:31:35 PM : DEBUG [persona_dao.py :  61 ] Personas Insertadas: 1
05:31:46 PM : DEBUG [conexion.py :  25 ] Conexión exitosa: <connection object at 0x00000289A1F678C0; dsn: 'user=postgres password=xxx dbname=test_db host=127.0.0.1 port=5432', closed: 0>
05:31:46 PM : DEBUG [persona_dao.py :  32 ] b'INSERT INTO persona(nombre, apellido) VALUES(%s, %s)'
05:31:46 PM : DEBUG [persona_dao.py :  33 ] Persona a insertar: Id Persona: None, Nombre: Pedro, Apellido: Naranja
05:31:46 PM : DEBUG [conexion.py :  61 ] Se han cerrado los objetos de conexióny cursor
05:31:46 PM : DEBUG [persona_dao.py :  61 ] Personas Insertadas: 1
05:32:10 PM : DEBUG [conexion.py :  25 ] Conexión exitosa: <connection object at 0x000001EDBA2278C0; dsn: 'user=postgres password=xxx dbname=test_db host=127.0.0.1 port=5432', closed: 0>
05:32:10 PM : DEBUG [persona_dao.py :  32 ] b'INSERT INTO persona(nombre, apellido) VALUES(%s, %s)'
05:32:10 PM : DEBUG [persona_dao.py :  33 ] Persona a insertar: Id Persona: None, Nombre: Pedro, Apellido: Naranja
05:32:10 PM : DEBUG [conexion.py :  61 ] Se han cerrado los objetos de conexióny cursor
05:32:10 PM : DEBUG [persona_dao.py :  61 ] Personas Insertadas: 1
05:33:11 PM : DEBUG [conexion.py :  25 ] Conexión exitosa: <connection object at 0x00000295A08E78C0; dsn: 'user=postgres password=xxx dbname=test_db host=127.0.0.1 port=5432', closed: 0>
05:33:11 PM : DEBUG [persona_dao.py :  31 ] b'INSERT INTO persona(nombre, apellido) VALUES(%s, %s)'
05:33:11 PM : DEBUG [persona_dao.py :  32 ] Persona a insertar: Id Persona: None, Nombre: Pedro, Apellido: Naranja
05:33:11 PM : DEBUG [conexion.py :  61 ] Se han cerrado los objetos de conexióny cursor
05:33:11 PM : DEBUG [persona_dao.py :  60 ] Personas Insertadas: 1
05:33:11 PM : ERROR [conexion.py :  42 ] Error al obtener cursor : connection already closed 
05:35:03 PM : DEBUG [conexion.py :  25 ] Conexión exitosa: <connection object at 0x000002A2BD9078C0; dsn: 'user=postgres password=xxx dbname=test_db host=127.0.0.1 port=5432', closed: 0>
05:35:03 PM : DEBUG [persona_dao.py :  31 ] b'INSERT INTO persona(nombre, apellido) VALUES(%s, %s)'
05:35:03 PM : DEBUG [persona_dao.py :  32 ] Persona a insertar: Id Persona: None, Nombre: Pedro, Apellido: Naranja
05:35:03 PM : DEBUG [persona_dao.py :  59 ] Personas Insertadas: 1
05:35:03 PM : DEBUG [conexion.py :  39 ] Se abrio el cursor con éxito: <cursor object at 0x000002A2BF4A4900; closed: 0>
05:35:03 PM : DEBUG [persona_dao.py :  17 ] b'SELECT * FROM persona ORDER BY id_persona'
05:35:03 PM : DEBUG [persona_dao.py :  62 ] Id Persona: 3, Nombre: Jhon, Apellido: javier
05:35:03 PM : DEBUG [persona_dao.py :  62 ] Id Persona: 13, Nombre: Jhaon, Apellido: Matamoros
05:35:03 PM : DEBUG [persona_dao.py :  62 ] Id Persona: 14, Nombre: Jhosadn, Apellido: Matamoros
05:35:03 PM : DEBUG [persona_dao.py :  62 ] Id Persona: 15, Nombre: Josh, Apellido: Matamoros
05:35:03 PM : DEBUG [persona_dao.py :  62 ] Id Persona: 16, Nombre: Pedro, Apellido: Naranja
05:35:03 PM : DEBUG [persona_dao.py :  62 ] Id Persona: 17, Nombre: Pedro, Apellido: Naranja
05:35:03 PM : DEBUG [persona_dao.py :  62 ] Id Persona: 18, Nombre: Pedro, Apellido: Naranja
05:35:03 PM : DEBUG [persona_dao.py :  62 ] Id Persona: 19, Nombre: Pedro, Apellido: Naranja
05:35:03 PM : DEBUG [persona_dao.py :  62 ] Id Persona: 20, Nombre: Pedro, Apellido: Naranja
05:35:03 PM : DEBUG [persona_dao.py :  62 ] Id Persona: 21, Nombre: Pedro, Apellido: Naranja
05:35:03 PM : DEBUG [persona_dao.py :  62 ] Id Persona: 22, Nombre: Pedro, Apellido: Naranja
05:35:03 PM : DEBUG [persona_dao.py :  62 ] Id Persona: 23, Nombre: Pedro, Apellido: Naranja
05:35:03 PM : DEBUG [persona_dao.py :  62 ] Id Persona: 24, Nombre: Pedro, Apellido: Naranja
05:35:03 PM : DEBUG [persona_dao.py :  62 ] Id Persona: 25, Nombre: Pedro, Apellido: Naranja
05:35:03 PM : DEBUG [persona_dao.py :  62 ] Id Persona: 26, Nombre: Pedro, Apellido: Naranja
05:35:03 PM : DEBUG [persona_dao.py :  62 ] Id Persona: 27, Nombre: Pedro, Apellido: Naranja
05:35:04 PM : DEBUG [persona_dao.py :  62 ] Id Persona: 28, Nombre: Pedro, Apellido: Naranja
05:35:04 PM : DEBUG [persona_dao.py :  62 ] Id Persona: 29, Nombre: Pedro, Apellido: Naranja
05:35:04 PM : DEBUG [persona_dao.py :  62 ] Id Persona: 30, Nombre: Pedro, Apellido: Naranja
05:52:01 PM : DEBUG [conexion.py :  25 ] Conexión exitosa: <connection object at 0x000001F613DB88C0; dsn: 'user=postgres password=xxx dbname=test_db host=127.0.0.1 port=5432', closed: 0>
05:52:01 PM : DEBUG [persona_dao.py :  50 ] b'UPDATE persona SET nombre=%s, apellido=%s WHERE id_persona=%s'
05:52:01 PM : DEBUG [persona_dao.py :  51 ] Persona a actualizar: Id Persona: 1, Nombre: Se, Apellido: Cambio
05:52:01 PM : DEBUG [persona_dao.py :  98 ] Personas actualizadas: 0
05:52:07 PM : DEBUG [conexion.py :  25 ] Conexión exitosa: <connection object at 0x0000013E7F8888C0; dsn: 'user=postgres password=xxx dbname=test_db host=127.0.0.1 port=5432', closed: 0>
05:52:07 PM : DEBUG [persona_dao.py :  50 ] b'UPDATE persona SET nombre=%s, apellido=%s WHERE id_persona=%s'
05:52:07 PM : DEBUG [persona_dao.py :  51 ] Persona a actualizar: Id Persona: 1, Nombre: Se, Apellido: Cambio
05:52:07 PM : DEBUG [persona_dao.py :  98 ] Personas actualizadas: 0
05:52:10 PM : DEBUG [conexion.py :  25 ] Conexión exitosa: <connection object at 0x000001FDBD8488C0; dsn: 'user=postgres password=xxx dbname=test_db host=127.0.0.1 port=5432', closed: 0>
05:52:10 PM : DEBUG [persona_dao.py :  50 ] b'UPDATE persona SET nombre=%s, apellido=%s WHERE id_persona=%s'
05:52:10 PM : DEBUG [persona_dao.py :  51 ] Persona a actualizar: Id Persona: 3, Nombre: Se, Apellido: Cambio
05:52:10 PM : DEBUG [persona_dao.py :  98 ] Personas actualizadas: 1
05:56:16 PM : DEBUG [conexion.py :  25 ] Conexión exitosa: <connection object at 0x00000154F3C498C0; dsn: 'user=postgres password=xxx dbname=test_db host=127.0.0.1 port=5432', closed: 0>
05:56:16 PM : DEBUG [persona_dao.py :  50 ] b'UPDATE persona SET nombre=%s, apellido=%s WHERE id_persona=%s'
05:56:16 PM : DEBUG [persona_dao.py :  51 ] Persona a actualizar: Id Persona: 3, Nombre: Se, Apellido: Cambio
05:56:16 PM : DEBUG [persona_dao.py :  98 ] Personas actualizadas: 1
05:56:24 PM : DEBUG [conexion.py :  25 ] Conexión exitosa: <connection object at 0x00000233732188C0; dsn: 'user=postgres password=xxx dbname=test_db host=127.0.0.1 port=5432', closed: 0>
05:56:24 PM : DEBUG [persona_dao.py :  50 ] b'UPDATE persona SET nombre=%s, apellido=%s WHERE id_persona=%s'
05:56:24 PM : DEBUG [persona_dao.py :  51 ] Persona a actualizar: Id Persona: 3, Nombre: Se, Apellido: Cambio
05:56:24 PM : DEBUG [persona_dao.py :  98 ] Personas actualizadas: 1
05:56:24 PM : DEBUG [persona_dao.py :  68 ] b'DELETE FROM persona WHERE id_persona=%s'
05:56:24 PM : DEBUG [persona_dao.py :  69 ] Persona a eliminar: Id Persona: 15, Nombre: None, Apellido: None
05:56:24 PM : DEBUG [persona_dao.py :  103 ] Personas eliminadas: 1
